<?xml version="1.0" encoding="UTF-8"?>
<!-- Generated by org.testng.reporters.JUnitReportReporter -->
<testsuite skipped="0" hostname="DESKTOP-C4JMO5V" name="maven.Example1" tests="1" failures="0" timestamp="03 Oct 2022 12:12:47 GMT" time="0.001" errors="0">
  <testcase name="Testcase" time="0.001" classname="maven.Example1"/>
</testsuite> <!-- maven.Example1 -->
