<?xml version="1.0" encoding="UTF-8"?>
<!-- Generated by org.testng.reporters.JUnitReportReporter -->
<testsuite skipped="0" hostname="DESKTOP-C4JMO5V" name="maven.FirstTestNGScript" tests="1" failures="0" timestamp="03 Oct 2022 12:12:47 GMT" time="6.391" errors="0">
  <testcase name="TestCase1" time="6.391" classname="maven.FirstTestNGScript"/>
</testsuite> <!-- maven.FirstTestNGScript -->
