<?xml version="1.0" encoding="UTF-8"?>
<!-- Generated by org.testng.reporters.JUnitReportReporter -->
<testsuite skipped="0" hostname="DESKTOP-C4JMO5V" name="maven.Example2" tests="5" failures="0" timestamp="03 Oct 2022 11:56:57 GMT" time="0.013" errors="0">
  <testcase name="openBrowserAndAppURL" time="0.001" classname="maven.Example2"/>
  <testcase name="openBrowserAndAppURL" time="0.001" classname="maven.Example2"/>
  <testcase name="openBrowserAndAppURL" time="0.000" classname="maven.Example2"/>
  <testcase name="openBrowserAndAppURL" time="0.001" classname="maven.Example2"/>
  <testcase name="openBrowserAndAppURL" time="0.010" classname="maven.Example2"/>
</testsuite> <!-- maven.Example2 -->
